c:\users\iitoa\onedrive\documents\workspace\personal\quake-2\ref_soft\debug\vc142.pdb
c:\users\iitoa\onedrive\documents\workspace\personal\quake-2\ref_soft\debug\vc142.idb
c:\users\iitoa\onedrive\documents\workspace\personal\quake-2\ref_soft\debug\r_surf.sbr
c:\users\iitoa\onedrive\documents\workspace\personal\quake-2\ref_soft\debug\r_sprite.sbr
c:\users\iitoa\onedrive\documents\workspace\personal\quake-2\ref_soft\debug\r_scan.sbr
c:\users\iitoa\onedrive\documents\workspace\personal\quake-2\ref_soft\debug\r_rast.sbr
c:\users\iitoa\onedrive\documents\workspace\personal\quake-2\ref_soft\debug\r_polyse.sbr
c:\users\iitoa\onedrive\documents\workspace\personal\quake-2\ref_soft\debug\r_poly.sbr
c:\users\iitoa\onedrive\documents\workspace\personal\quake-2\ref_soft\debug\r_part.sbr
c:\users\iitoa\onedrive\documents\workspace\personal\quake-2\ref_soft\debug\r_model.sbr
c:\users\iitoa\onedrive\documents\workspace\personal\quake-2\ref_soft\debug\r_misc.sbr
c:\users\iitoa\onedrive\documents\workspace\personal\quake-2\ref_soft\debug\r_main.sbr
c:\users\iitoa\onedrive\documents\workspace\personal\quake-2\ref_soft\debug\r_light.sbr
c:\users\iitoa\onedrive\documents\workspace\personal\quake-2\ref_soft\debug\r_image.sbr
c:\users\iitoa\onedrive\documents\workspace\personal\quake-2\ref_soft\debug\r_edge.sbr
c:\users\iitoa\onedrive\documents\workspace\personal\quake-2\ref_soft\debug\r_draw.sbr
c:\users\iitoa\onedrive\documents\workspace\personal\quake-2\ref_soft\debug\r_bsp.sbr
c:\users\iitoa\onedrive\documents\workspace\personal\quake-2\ref_soft\debug\r_alias.sbr
c:\users\iitoa\onedrive\documents\workspace\personal\quake-2\ref_soft\debug\r_aclip.sbr
c:\users\iitoa\onedrive\documents\workspace\personal\quake-2\ref_soft\debug\rw_imp.sbr
c:\users\iitoa\onedrive\documents\workspace\personal\quake-2\ref_soft\debug\rw_dib.sbr
c:\users\iitoa\onedrive\documents\workspace\personal\quake-2\ref_soft\debug\rw_ddraw.sbr
c:\users\iitoa\onedrive\documents\workspace\personal\quake-2\ref_soft\debug\rw_ddraw.obj
c:\users\iitoa\onedrive\documents\workspace\personal\quake-2\ref_soft\debug\rw_dib.obj
c:\users\iitoa\onedrive\documents\workspace\personal\quake-2\ref_soft\debug\rw_imp.obj
c:\users\iitoa\onedrive\documents\workspace\personal\quake-2\ref_soft\debug\r_aclip.obj
c:\users\iitoa\onedrive\documents\workspace\personal\quake-2\ref_soft\debug\r_alias.obj
c:\users\iitoa\onedrive\documents\workspace\personal\quake-2\ref_soft\debug\r_bsp.obj
c:\users\iitoa\onedrive\documents\workspace\personal\quake-2\ref_soft\debug\r_draw.obj
c:\users\iitoa\onedrive\documents\workspace\personal\quake-2\ref_soft\debug\r_edge.obj
c:\users\iitoa\onedrive\documents\workspace\personal\quake-2\ref_soft\debug\r_image.obj
c:\users\iitoa\onedrive\documents\workspace\personal\quake-2\ref_soft\debug\r_light.obj
c:\users\iitoa\onedrive\documents\workspace\personal\quake-2\ref_soft\debug\r_main.obj
c:\users\iitoa\onedrive\documents\workspace\personal\quake-2\ref_soft\debug\r_misc.obj
c:\users\iitoa\onedrive\documents\workspace\personal\quake-2\ref_soft\debug\r_model.obj
c:\users\iitoa\onedrive\documents\workspace\personal\quake-2\ref_soft\debug\r_part.obj
c:\users\iitoa\onedrive\documents\workspace\personal\quake-2\ref_soft\debug\r_poly.obj
c:\users\iitoa\onedrive\documents\workspace\personal\quake-2\ref_soft\debug\r_polyse.obj
c:\users\iitoa\onedrive\documents\workspace\personal\quake-2\ref_soft\debug\r_rast.obj
c:\users\iitoa\onedrive\documents\workspace\personal\quake-2\ref_soft\debug\r_scan.obj
c:\users\iitoa\onedrive\documents\workspace\personal\quake-2\ref_soft\debug\r_sprite.obj
c:\users\iitoa\onedrive\documents\workspace\personal\quake-2\ref_soft\debug\r_surf.obj
c:\users\iitoa\onedrive\documents\workspace\personal\quake-2\ref_soft\debug\q_shwin.sbr
c:\users\iitoa\onedrive\documents\workspace\personal\quake-2\ref_soft\debug\q_shared.sbr
c:\users\iitoa\onedrive\documents\workspace\personal\quake-2\ref_soft\debug\q_shared.obj
c:\users\iitoa\onedrive\documents\workspace\personal\quake-2\ref_soft\debug\q_shwin.obj
c:\users\iitoa\onedrive\documents\workspace\personal\quake-2\debug\.obj
c:\users\iitoa\onedrive\documents\workspace\personal\quake-2\ref_soft\debug\ref_soft.tlog\cl.command.1.tlog
c:\users\iitoa\onedrive\documents\workspace\personal\quake-2\ref_soft\debug\ref_soft.tlog\cl.read.1.tlog
c:\users\iitoa\onedrive\documents\workspace\personal\quake-2\ref_soft\debug\ref_soft.tlog\cl.write.1.tlog
c:\users\iitoa\onedrive\documents\workspace\personal\quake-2\ref_soft\debug\ref_soft.tlog\custombuild.command.1.tlog
c:\users\iitoa\onedrive\documents\workspace\personal\quake-2\ref_soft\debug\ref_soft.tlog\custombuild.read.1.tlog
c:\users\iitoa\onedrive\documents\workspace\personal\quake-2\ref_soft\debug\ref_soft.tlog\custombuild.write.1.tlog
c:\users\iitoa\onedrive\documents\workspace\personal\quake-2\ref_soft\debug\ref_soft.tlog\link.command.1.tlog
c:\users\iitoa\onedrive\documents\workspace\personal\quake-2\ref_soft\debug\ref_soft.tlog\link.read.1.tlog
c:\users\iitoa\onedrive\documents\workspace\personal\quake-2\ref_soft\debug\ref_soft.tlog\link.write.1.tlog
